[2024-11-20 11:45:35,225: INFO: main: Welcome to our custom logging in datascience]
[2024-11-20 16:44:23,727: INFO: common: yaml file:config\config.yamlloaded sucessfully]
[2024-11-20 16:45:16,288: INFO: common: yaml file:config\config.yamlloaded sucessfully]
[2024-11-20 16:45:42,845: INFO: common: yaml file:config\config.yamlloaded sucessfully]
[2024-11-20 16:48:01,865: INFO: common: yaml file:config\config.yamlloaded sucessfully]
[2024-11-20 16:48:01,865: INFO: common: yaml file:params.yamlloaded sucessfully]
[2024-11-20 16:48:01,872: INFO: common: yaml file:schema.yamlloaded sucessfully]
[2024-11-20 16:48:01,873: INFO: common: created directory at:artifacts]
[2024-11-20 16:48:01,873: INFO: common: created directory at:artifacts/data_ingestion]
[2024-11-20 16:48:02,813: INFO: 251335794: artifacts/data_ingestion/data.zip download! with following info: 
Connection: close
Content-Length: 23329
Cache-Control: max-age=300
Content-Security-Policy: default-src 'none'; style-src 'unsafe-inline'; sandbox
Content-Type: application/zip
ETag: "c69888a4ae59bc5a893392785a938ccd4937981c06ba8a9d6a21aa52b4ab5b6e"
Strict-Transport-Security: max-age=31536000
X-Content-Type-Options: nosniff
X-Frame-Options: deny
X-XSS-Protection: 1; mode=block
X-GitHub-Request-Id: 8A4B:4B881:37B2D:40815:673DC558
Accept-Ranges: bytes
Date: Wed, 20 Nov 2024 11:17:45 GMT
Via: 1.1 varnish
X-Served-By: cache-hyd1100020-HYD
X-Cache: MISS
X-Cache-Hits: 0
X-Timer: S1732101465.085240,VS0,VE296
Vary: Authorization,Accept-Encoding,Origin
Access-Control-Allow-Origin: *
Cross-Origin-Resource-Policy: cross-origin
X-Fastly-Request-ID: eb6c7b3a2fbda4b5adc2d33b932c4e5311e0a420
Expires: Wed, 20 Nov 2024 11:22:45 GMT
Source-Age: 0

]
[2024-11-20 17:38:48,929: INFO: main: >>>>stage Data Ingestion stage started <<<<<]
[2024-11-20 17:38:48,929: INFO: common: yaml file:config\config.yamlloaded sucessfully]
[2024-11-20 17:38:48,929: INFO: common: yaml file:params.yamlloaded sucessfully]
[2024-11-20 17:38:48,929: INFO: common: yaml file:schema.yamlloaded sucessfully]
[2024-11-20 17:38:48,929: INFO: common: created directory at:artifacts]
[2024-11-20 17:38:48,929: INFO: common: created directory at:artifacts/data_ingestion]
[2024-11-20 17:38:48,929: INFO: data_ingestion: File already exists]
[2024-11-20 17:38:48,929: INFO: main: >>>> stage Data Ingestion stage completed <<<<

 x=======x]
[2024-11-21 11:20:41,602: INFO: main: >>>>stage Data Ingestion stage started <<<<<]
[2024-11-21 11:20:41,610: INFO: common: yaml file:config\config.yamlloaded sucessfully]
[2024-11-21 11:20:41,610: INFO: common: yaml file:params.yamlloaded sucessfully]
[2024-11-21 11:20:41,618: INFO: common: yaml file:schema.yamlloaded sucessfully]
[2024-11-21 11:20:41,618: INFO: common: created directory at:artifacts]
[2024-11-21 11:20:41,618: INFO: common: created directory at:artifacts/data_ingestion]
[2024-11-21 11:20:41,618: INFO: data_ingestion: File already exists]
[2024-11-21 11:20:41,636: INFO: main: >>>> stage Data Ingestion stage completed <<<<

 x=======x]
[2024-11-21 13:12:49,885: INFO: common: yaml file:config\config.yamlloaded sucessfully]
[2024-11-21 13:12:49,887: INFO: common: yaml file:params.yamlloaded sucessfully]
[2024-11-21 13:12:49,901: INFO: common: yaml file:schema.yamlloaded sucessfully]
[2024-11-21 13:12:49,901: INFO: common: created directory at:artifacts]
[2024-11-21 13:12:49,904: INFO: common: created directory at:artifacts/data_validation]
[2024-11-21 13:35:05,900: INFO: main: >>>>stage Data Ingestion stage started <<<<<]
[2024-11-21 13:35:05,900: INFO: common: yaml file:config\config.yamlloaded sucessfully]
[2024-11-21 13:35:05,904: INFO: common: yaml file:params.yamlloaded sucessfully]
[2024-11-21 13:35:05,907: INFO: common: yaml file:schema.yamlloaded sucessfully]
[2024-11-21 13:35:05,907: INFO: common: created directory at:artifacts]
[2024-11-21 13:35:05,907: INFO: common: created directory at:artifacts/data_ingestion]
[2024-11-21 13:35:05,907: INFO: data_ingestion: File already exists]
[2024-11-21 13:35:05,909: INFO: main: >>>> stage Data Ingestion stage completed <<<<

 x=======x]
[2024-11-21 13:35:05,909: INFO: main: >>>>>> stage Data Validation stage started <<<<<<]
[2024-11-21 13:35:05,909: INFO: common: yaml file:config\config.yamlloaded sucessfully]
[2024-11-21 13:35:05,909: INFO: common: yaml file:params.yamlloaded sucessfully]
[2024-11-21 13:35:05,918: INFO: common: yaml file:schema.yamlloaded sucessfully]
[2024-11-21 13:35:05,918: INFO: common: created directory at:artifacts]
[2024-11-21 13:35:05,918: INFO: common: created directory at:artifacts/data_validation]
[2024-11-21 13:35:05,940: INFO: main: >>>>>> stage Data Validation stage completed <<<<<<

x==========x]
[2024-11-21 13:53:50,537: INFO: common: yaml file:config\config.yamlloaded sucessfully]
[2024-11-21 13:53:50,538: INFO: common: yaml file:params.yamlloaded sucessfully]
[2024-11-21 13:53:50,542: INFO: common: yaml file:schema.yamlloaded sucessfully]
[2024-11-21 13:53:50,543: INFO: common: created directory at:artifacts]
[2024-11-21 13:53:50,544: INFO: common: created directory at:artifacts/data_transformation]
[2024-11-21 13:54:50,286: INFO: common: yaml file:config\config.yamlloaded sucessfully]
[2024-11-21 13:54:50,286: INFO: common: yaml file:params.yamlloaded sucessfully]
[2024-11-21 13:54:50,295: INFO: common: yaml file:schema.yamlloaded sucessfully]
[2024-11-21 13:54:50,296: INFO: common: created directory at:artifacts]
[2024-11-21 13:54:50,297: INFO: common: created directory at:artifacts/data_transformation]
[2024-11-21 13:54:50,336: INFO: 2468440044: Splited data into training and test sets]
[2024-11-21 13:54:50,336: INFO: 2468440044: (1199, 12)]
[2024-11-21 13:54:50,336: INFO: 2468440044: (400, 12)]
[2024-11-21 14:16:45,827: INFO: main: >>>>stage Data Ingestion stage started <<<<<]
[2024-11-21 14:16:45,833: INFO: common: yaml file:config\config.yamlloaded sucessfully]
[2024-11-21 14:16:45,835: INFO: common: yaml file:params.yamlloaded sucessfully]
[2024-11-21 14:16:45,835: INFO: common: yaml file:schema.yamlloaded sucessfully]
[2024-11-21 14:16:45,835: INFO: common: created directory at:artifacts]
[2024-11-21 14:16:45,835: INFO: common: created directory at:artifacts/data_ingestion]
[2024-11-21 14:16:45,838: INFO: data_ingestion: File already exists]
[2024-11-21 14:16:45,838: INFO: main: >>>> stage Data Ingestion stage completed <<<<

 x=======x]
[2024-11-21 14:16:45,838: INFO: main: >>>>>> stage Data Validation stage started <<<<<<]
[2024-11-21 14:16:45,843: INFO: common: yaml file:config\config.yamlloaded sucessfully]
[2024-11-21 14:16:45,843: INFO: common: yaml file:params.yamlloaded sucessfully]
[2024-11-21 14:16:45,846: INFO: common: yaml file:schema.yamlloaded sucessfully]
[2024-11-21 14:16:45,846: INFO: common: created directory at:artifacts]
[2024-11-21 14:16:45,846: INFO: common: created directory at:artifacts/data_validation]
[2024-11-21 14:16:45,872: INFO: main: >>>>>> stage Data Validation stage completed <<<<<<

x==========x]
[2024-11-21 14:16:45,873: INFO: main: >>>>>> stage Data TRansformation stage started <<<<<<]
[2024-11-21 14:16:45,879: INFO: main: >>>>>> stage Data TRansformation stage completed <<<<<<

x==========x]
[2024-11-21 14:17:35,446: INFO: common: yaml file:config\config.yamlloaded sucessfully]
[2024-11-21 14:17:35,448: INFO: common: yaml file:params.yamlloaded sucessfully]
[2024-11-21 14:17:35,451: INFO: common: yaml file:schema.yamlloaded sucessfully]
[2024-11-21 14:17:35,452: INFO: common: created directory at:artifacts]
[2024-11-21 14:17:35,453: INFO: common: created directory at:artifacts/data_transformation]
[2024-11-21 14:17:35,474: INFO: 2468440044: Splited data into training and test sets]
[2024-11-21 14:17:35,475: INFO: 2468440044: (1199, 12)]
[2024-11-21 14:17:35,475: INFO: 2468440044: (400, 12)]
[2024-11-21 14:17:51,888: INFO: main: >>>>stage Data Ingestion stage started <<<<<]
[2024-11-21 14:17:51,888: INFO: common: yaml file:config\config.yamlloaded sucessfully]
[2024-11-21 14:17:51,888: INFO: common: yaml file:params.yamlloaded sucessfully]
[2024-11-21 14:17:51,904: INFO: common: yaml file:schema.yamlloaded sucessfully]
[2024-11-21 14:17:51,904: INFO: common: created directory at:artifacts]
[2024-11-21 14:17:51,904: INFO: common: created directory at:artifacts/data_ingestion]
[2024-11-21 14:17:51,904: INFO: data_ingestion: File already exists]
[2024-11-21 14:17:51,907: INFO: main: >>>> stage Data Ingestion stage completed <<<<

 x=======x]
[2024-11-21 14:17:51,908: INFO: main: >>>>>> stage Data Validation stage started <<<<<<]
[2024-11-21 14:17:51,912: INFO: common: yaml file:config\config.yamlloaded sucessfully]
[2024-11-21 14:17:51,914: INFO: common: yaml file:params.yamlloaded sucessfully]
[2024-11-21 14:17:51,914: INFO: common: yaml file:schema.yamlloaded sucessfully]
[2024-11-21 14:17:51,914: INFO: common: created directory at:artifacts]
[2024-11-21 14:17:51,914: INFO: common: created directory at:artifacts/data_validation]
[2024-11-21 14:17:51,938: INFO: main: >>>>>> stage Data Validation stage completed <<<<<<

x==========x]
[2024-11-21 14:17:51,938: INFO: main: >>>>>> stage Data TRansformation stage started <<<<<<]
[2024-11-21 14:17:51,938: INFO: main: >>>>>> stage Data TRansformation stage completed <<<<<<

x==========x]
[2024-11-21 14:18:41,373: INFO: main: >>>>stage Data Ingestion stage started <<<<<]
[2024-11-21 14:18:41,373: INFO: common: yaml file:config\config.yamlloaded sucessfully]
[2024-11-21 14:18:41,379: INFO: common: yaml file:params.yamlloaded sucessfully]
[2024-11-21 14:18:41,381: INFO: common: yaml file:schema.yamlloaded sucessfully]
[2024-11-21 14:18:41,381: INFO: common: created directory at:artifacts]
[2024-11-21 14:18:41,381: INFO: common: created directory at:artifacts/data_ingestion]
[2024-11-21 14:18:41,381: INFO: data_ingestion: File already exists]
[2024-11-21 14:18:41,381: INFO: main: >>>> stage Data Ingestion stage completed <<<<

 x=======x]
[2024-11-21 14:18:41,381: INFO: main: >>>>>> stage Data Validation stage started <<<<<<]
[2024-11-21 14:18:41,381: INFO: common: yaml file:config\config.yamlloaded sucessfully]
[2024-11-21 14:18:41,381: INFO: common: yaml file:params.yamlloaded sucessfully]
[2024-11-21 14:18:41,381: INFO: common: yaml file:schema.yamlloaded sucessfully]
[2024-11-21 14:18:41,389: INFO: common: created directory at:artifacts]
[2024-11-21 14:18:41,389: INFO: common: created directory at:artifacts/data_validation]
[2024-11-21 14:18:41,405: INFO: main: >>>>>> stage Data Validation stage completed <<<<<<

x==========x]
[2024-11-21 14:18:41,405: INFO: main: >>>>>> stage Data TRansformation stage started <<<<<<]
[2024-11-21 14:18:41,405: INFO: main: >>>>>> stage Data TRansformation stage completed <<<<<<

x==========x]
[2024-11-21 14:21:13,906: INFO: common: yaml file:config\config.yamlloaded sucessfully]
[2024-11-21 14:21:13,908: INFO: common: yaml file:params.yamlloaded sucessfully]
[2024-11-21 14:21:13,910: INFO: common: yaml file:schema.yamlloaded sucessfully]
[2024-11-21 14:21:13,913: INFO: common: created directory at:artifacts]
[2024-11-21 14:21:13,914: INFO: common: created directory at:artifacts/data_transformation]
[2024-11-21 14:21:13,935: INFO: 2468440044: Splited data into training and test sets]
[2024-11-21 14:21:13,935: INFO: 2468440044: (1199, 12)]
[2024-11-21 14:21:13,935: INFO: 2468440044: (400, 12)]
[2024-11-21 14:24:13,734: INFO: main: >>>>stage Data Ingestion stage started <<<<<]
[2024-11-21 14:24:13,734: INFO: common: yaml file:config\config.yamlloaded sucessfully]
[2024-11-21 14:24:13,734: INFO: common: yaml file:params.yamlloaded sucessfully]
[2024-11-21 14:24:13,750: INFO: common: yaml file:schema.yamlloaded sucessfully]
[2024-11-21 14:24:13,751: INFO: common: created directory at:artifacts]
[2024-11-21 14:24:13,752: INFO: common: created directory at:artifacts/data_ingestion]
[2024-11-21 14:24:13,752: INFO: data_ingestion: File already exists]
[2024-11-21 14:24:13,752: INFO: main: >>>> stage Data Ingestion stage completed <<<<

 x=======x]
[2024-11-21 14:24:13,752: INFO: main: >>>>>> stage Data Validation stage started <<<<<<]
[2024-11-21 14:24:13,758: INFO: common: yaml file:config\config.yamlloaded sucessfully]
[2024-11-21 14:24:13,758: INFO: common: yaml file:params.yamlloaded sucessfully]
[2024-11-21 14:24:13,758: INFO: common: yaml file:schema.yamlloaded sucessfully]
[2024-11-21 14:24:13,758: INFO: common: created directory at:artifacts]
[2024-11-21 14:24:13,758: INFO: common: created directory at:artifacts/data_validation]
[2024-11-21 14:24:13,783: INFO: main: >>>>>> stage Data Validation stage completed <<<<<<

x==========x]
[2024-11-21 14:24:13,783: INFO: main: >>>>>> stage Data TRansformation stage started <<<<<<]
[2024-11-21 14:24:13,783: INFO: main: >>>>>> stage Data TRansformation stage completed <<<<<<

x==========x]
[2024-11-21 14:32:15,327: INFO: main: >>>>stage Data Ingestion stage started <<<<<]
[2024-11-21 14:32:15,327: INFO: common: yaml file:config\config.yamlloaded sucessfully]
[2024-11-21 14:32:15,327: INFO: common: yaml file:params.yamlloaded sucessfully]
[2024-11-21 14:32:15,327: INFO: common: yaml file:schema.yamlloaded sucessfully]
[2024-11-21 14:32:15,327: INFO: common: created directory at:artifacts]
[2024-11-21 14:32:15,327: INFO: common: created directory at:artifacts/data_ingestion]
[2024-11-21 14:32:15,327: INFO: data_ingestion: File already exists]
[2024-11-21 14:32:15,336: INFO: main: >>>> stage Data Ingestion stage completed <<<<

 x=======x]
[2024-11-21 14:32:15,337: INFO: main: >>>>>> stage Data Validation stage started <<<<<<]
[2024-11-21 14:32:15,337: INFO: common: yaml file:config\config.yamlloaded sucessfully]
[2024-11-21 14:32:15,337: INFO: common: yaml file:params.yamlloaded sucessfully]
[2024-11-21 14:32:15,341: INFO: common: yaml file:schema.yamlloaded sucessfully]
[2024-11-21 14:32:15,341: INFO: common: created directory at:artifacts]
[2024-11-21 14:32:15,341: INFO: common: created directory at:artifacts/data_validation]
[2024-11-21 14:32:15,353: INFO: main: >>>>>> stage Data Validation stage completed <<<<<<

x==========x]
[2024-11-21 14:32:15,353: INFO: main: >>>>>> stage Data Transformation stage started <<<<<<]
[2024-11-21 14:32:15,359: INFO: main: >>>>>> stage Data Transformation stage completed <<<<<<

x==========x]
[2024-11-21 14:40:23,009: INFO: main: >>>>stage Data Ingestion stage started <<<<<]
[2024-11-21 14:40:23,009: INFO: common: yaml file:config\config.yamlloaded sucessfully]
[2024-11-21 14:40:23,009: INFO: common: yaml file:params.yamlloaded sucessfully]
[2024-11-21 14:40:23,025: INFO: common: yaml file:schema.yamlloaded sucessfully]
[2024-11-21 14:40:23,025: INFO: common: created directory at:artifacts]
[2024-11-21 14:40:23,025: INFO: common: created directory at:artifacts/data_ingestion]
[2024-11-21 14:40:23,028: INFO: data_ingestion: File already exists]
[2024-11-21 14:40:23,031: INFO: main: >>>> stage Data Ingestion stage completed <<<<

 x=======x]
[2024-11-21 14:40:23,031: INFO: main: >>>>>> stage Data Validation stage started <<<<<<]
[2024-11-21 14:40:23,033: INFO: common: yaml file:config\config.yamlloaded sucessfully]
[2024-11-21 14:40:23,033: INFO: common: yaml file:params.yamlloaded sucessfully]
[2024-11-21 14:40:23,035: INFO: common: yaml file:schema.yamlloaded sucessfully]
[2024-11-21 14:40:23,035: INFO: common: created directory at:artifacts]
[2024-11-21 14:40:23,035: INFO: common: created directory at:artifacts/data_validation]
[2024-11-21 14:40:23,048: INFO: main: >>>>>> stage Data Validation stage completed <<<<<<

x==========x]
[2024-11-21 14:40:23,048: INFO: main: >>>>>> stage Data Transformation stage started <<<<<<]
[2024-11-21 14:40:23,056: INFO: main: >>>>>> stage Data Transformation stage completed <<<<<<

x==========x]
[2024-11-21 14:41:15,425: INFO: main: >>>>stage Data Ingestion stage started <<<<<]
[2024-11-21 14:41:15,437: INFO: common: yaml file:config\config.yamlloaded sucessfully]
[2024-11-21 14:41:15,437: INFO: common: yaml file:params.yamlloaded sucessfully]
[2024-11-21 14:41:15,441: INFO: common: yaml file:schema.yamlloaded sucessfully]
[2024-11-21 14:41:15,441: INFO: common: created directory at:artifacts]
[2024-11-21 14:41:15,442: INFO: common: created directory at:artifacts/data_ingestion]
[2024-11-21 14:41:15,442: INFO: data_ingestion: File already exists]
[2024-11-21 14:41:15,443: INFO: main: >>>> stage Data Ingestion stage completed <<<<

 x=======x]
[2024-11-21 14:41:15,443: INFO: main: >>>>>> stage Data Validation stage started <<<<<<]
[2024-11-21 14:41:15,447: INFO: common: yaml file:config\config.yamlloaded sucessfully]
[2024-11-21 14:41:15,448: INFO: common: yaml file:params.yamlloaded sucessfully]
[2024-11-21 14:41:15,450: INFO: common: yaml file:schema.yamlloaded sucessfully]
[2024-11-21 14:41:15,450: INFO: common: created directory at:artifacts]
[2024-11-21 14:41:15,450: INFO: common: created directory at:artifacts/data_validation]
[2024-11-21 14:41:15,467: INFO: main: >>>>>> stage Data Validation stage completed <<<<<<

x==========x]
[2024-11-21 14:41:15,467: INFO: main: >>>>>> stage Data Transformation stage started <<<<<<]
[2024-11-21 14:41:15,474: INFO: common: yaml file:config\config.yamlloaded sucessfully]
[2024-11-21 14:41:15,474: INFO: common: yaml file:params.yamlloaded sucessfully]
[2024-11-21 14:41:15,476: INFO: common: yaml file:schema.yamlloaded sucessfully]
[2024-11-21 14:41:15,476: INFO: common: created directory at:artifacts]
[2024-11-21 14:41:15,477: INFO: common: created directory at:artifacts/data_transformation]
[2024-11-21 14:41:15,486: INFO: data_transformation: Splited data into training and test sets]
[2024-11-21 14:41:15,486: INFO: data_transformation: (1199, 12)]
[2024-11-21 14:41:15,486: INFO: data_transformation: (400, 12)]
[2024-11-21 14:41:15,486: INFO: main: >>>>>> stage Data Transformation stage completed <<<<<<

x==========x]
[2024-11-21 15:03:05,622: INFO: common: yaml file:config\config.yamlloaded sucessfully]
[2024-11-21 15:03:05,630: INFO: common: yaml file:params.yamlloaded sucessfully]
[2024-11-21 15:03:05,632: INFO: common: yaml file:schema.yamlloaded sucessfully]
[2024-11-21 15:03:05,637: INFO: common: created directory at:artifacts]
[2024-11-21 15:03:05,637: INFO: common: created directory at:artifacts/model_trainer]
[2024-11-21 15:16:39,114: INFO: main: >>>>stage Data Ingestion stage started <<<<<]
[2024-11-21 15:16:39,114: INFO: common: yaml file:config\config.yamlloaded sucessfully]
[2024-11-21 15:16:39,114: INFO: common: yaml file:params.yamlloaded sucessfully]
[2024-11-21 15:16:39,114: INFO: common: yaml file:schema.yamlloaded sucessfully]
[2024-11-21 15:16:39,114: INFO: common: created directory at:artifacts]
[2024-11-21 15:16:39,114: INFO: common: created directory at:artifacts/data_ingestion]
[2024-11-21 15:16:39,114: INFO: data_ingestion: File already exists]
[2024-11-21 15:16:39,128: INFO: main: >>>> stage Data Ingestion stage completed <<<<

 x=======x]
[2024-11-21 15:16:39,128: INFO: main: >>>>>> stage Data Validation stage started <<<<<<]
[2024-11-21 15:16:39,131: INFO: common: yaml file:config\config.yamlloaded sucessfully]
[2024-11-21 15:16:39,131: INFO: common: yaml file:params.yamlloaded sucessfully]
[2024-11-21 15:16:39,131: INFO: common: yaml file:schema.yamlloaded sucessfully]
[2024-11-21 15:16:39,131: INFO: common: created directory at:artifacts]
[2024-11-21 15:16:39,131: INFO: common: created directory at:artifacts/data_validation]
[2024-11-21 15:16:39,161: INFO: main: >>>>>> stage Data Validation stage completed <<<<<<

x==========x]
[2024-11-21 15:16:39,161: INFO: main: >>>>>> stage Data Transformation stage started <<<<<<]
[2024-11-21 15:16:39,161: INFO: common: yaml file:config\config.yamlloaded sucessfully]
[2024-11-21 15:16:39,161: INFO: common: yaml file:params.yamlloaded sucessfully]
[2024-11-21 15:16:39,169: INFO: common: yaml file:schema.yamlloaded sucessfully]
[2024-11-21 15:16:39,169: INFO: common: created directory at:artifacts]
[2024-11-21 15:16:39,169: INFO: common: created directory at:artifacts/data_transformation]
[2024-11-21 15:16:39,193: INFO: data_transformation: Splited data into training and test sets]
[2024-11-21 15:16:39,193: INFO: data_transformation: (1199, 12)]
[2024-11-21 15:16:39,193: INFO: data_transformation: (400, 12)]
[2024-11-21 15:16:39,193: INFO: main: >>>>>> stage Data Transformation stage completed <<<<<<

x==========x]
[2024-11-21 15:16:39,199: INFO: main: >>>>>> stage Model Trainer stage started <<<<<<]
[2024-11-21 15:16:39,200: INFO: common: yaml file:config\config.yamlloaded sucessfully]
[2024-11-21 15:16:39,200: INFO: common: yaml file:params.yamlloaded sucessfully]
[2024-11-21 15:16:39,200: INFO: common: yaml file:schema.yamlloaded sucessfully]
[2024-11-21 15:16:39,207: INFO: common: created directory at:artifacts]
[2024-11-21 15:16:39,208: INFO: common: created directory at:artifacts/model_trainer]
[2024-11-21 15:16:39,259: INFO: main: >>>>>> stage Model Trainer stage completed <<<<<<

x==========x]
[2024-11-21 17:03:33,787: INFO: common: yaml file:config\config.yamlloaded sucessfully]
[2024-11-21 17:03:33,787: INFO: common: yaml file:params.yamlloaded sucessfully]
[2024-11-21 17:03:33,787: INFO: common: yaml file:schema.yamlloaded sucessfully]
[2024-11-21 17:03:33,796: INFO: common: created directory at:artifacts]
[2024-11-21 17:04:18,104: INFO: common: yaml file:config\config.yamlloaded sucessfully]
[2024-11-21 17:04:18,106: INFO: common: yaml file:params.yamlloaded sucessfully]
[2024-11-21 17:04:18,108: INFO: common: yaml file:schema.yamlloaded sucessfully]
[2024-11-21 17:04:18,109: INFO: common: created directory at:artifacts]
[2024-11-21 17:08:21,908: INFO: common: yaml file:config\config.yamlloaded sucessfully]
[2024-11-21 17:08:21,909: INFO: common: yaml file:params.yamlloaded sucessfully]
[2024-11-21 17:08:21,912: INFO: common: yaml file:schema.yamlloaded sucessfully]
[2024-11-21 17:08:21,913: INFO: common: created directory at:artifacts]
[2024-11-21 17:12:03,616: INFO: common: yaml file:config\config.yamlloaded sucessfully]
[2024-11-21 17:12:03,617: INFO: common: yaml file:params.yamlloaded sucessfully]
[2024-11-21 17:12:03,619: INFO: common: yaml file:schema.yamlloaded sucessfully]
[2024-11-21 17:12:03,619: INFO: common: created directory at:artifacts]
[2024-11-21 17:12:03,619: INFO: common: created directory at:artifacts/model_evaluation]
[2024-11-21 17:16:50,840: INFO: common: yaml file:config\config.yamlloaded sucessfully]
[2024-11-21 17:16:50,840: INFO: common: yaml file:params.yamlloaded sucessfully]
[2024-11-21 17:16:50,840: INFO: common: yaml file:schema.yamlloaded sucessfully]
[2024-11-21 17:16:50,840: INFO: common: created directory at:artifacts]
[2024-11-21 17:16:50,840: INFO: common: created directory at:artifacts/model_evaluation]
[2024-11-21 17:17:38,162: INFO: common: yaml file:config\config.yamlloaded sucessfully]
[2024-11-21 17:17:38,163: INFO: common: yaml file:params.yamlloaded sucessfully]
[2024-11-21 17:17:38,165: INFO: common: yaml file:schema.yamlloaded sucessfully]
[2024-11-21 17:17:38,166: INFO: common: created directory at:artifacts]
[2024-11-21 17:17:38,166: INFO: common: created directory at:artifacts/model_evaluation]
[2024-11-21 17:30:15,069: INFO: common: yaml file:config\config.yamlloaded sucessfully]
[2024-11-21 17:30:15,075: INFO: common: yaml file:params.yamlloaded sucessfully]
[2024-11-21 17:30:15,081: INFO: common: yaml file:schema.yamlloaded sucessfully]
[2024-11-21 17:30:15,082: INFO: common: created directory at:artifacts]
[2024-11-21 17:30:15,082: INFO: common: created directory at:artifacts/model_evaluation]
[2024-11-21 17:33:34,702: INFO: common: yaml file:config\config.yamlloaded sucessfully]
[2024-11-21 17:33:34,703: INFO: common: yaml file:params.yamlloaded sucessfully]
[2024-11-21 17:33:34,705: INFO: common: yaml file:schema.yamlloaded sucessfully]
[2024-11-21 17:33:34,706: INFO: common: created directory at:artifacts]
[2024-11-21 17:33:34,707: INFO: common: created directory at:artifacts/model_evaluation]
[2024-11-21 17:36:47,552: INFO: common: yaml file:config\config.yamlloaded sucessfully]
[2024-11-21 17:36:47,554: INFO: common: yaml file:params.yamlloaded sucessfully]
[2024-11-21 17:36:47,557: INFO: common: yaml file:schema.yamlloaded sucessfully]
[2024-11-21 17:36:47,558: INFO: common: created directory at:artifacts]
[2024-11-21 17:36:47,559: INFO: common: created directory at:artifacts/model_evaluation]
[2024-11-21 17:38:48,454: INFO: common: yaml file:config\config.yamlloaded sucessfully]
[2024-11-21 17:38:48,454: INFO: common: yaml file:params.yamlloaded sucessfully]
[2024-11-21 17:38:48,454: INFO: common: yaml file:schema.yamlloaded sucessfully]
[2024-11-21 17:38:48,454: INFO: common: created directory at:artifacts]
[2024-11-21 17:38:48,454: INFO: common: created directory at:artifacts/model_evaluation]
[2024-11-21 17:39:32,574: INFO: common: yaml file:config\config.yamlloaded sucessfully]
[2024-11-21 17:39:32,574: INFO: common: yaml file:params.yamlloaded sucessfully]
[2024-11-21 17:39:32,574: INFO: common: yaml file:schema.yamlloaded sucessfully]
[2024-11-21 17:39:32,574: INFO: common: created directory at:artifacts]
[2024-11-21 17:39:32,574: INFO: common: created directory at:artifacts/model_evaluation]
[2024-11-21 17:43:01,796: INFO: common: yaml file:config\config.yamlloaded sucessfully]
[2024-11-21 17:43:01,797: INFO: common: yaml file:params.yamlloaded sucessfully]
[2024-11-21 17:43:01,798: INFO: common: yaml file:schema.yamlloaded sucessfully]
[2024-11-21 17:43:01,801: INFO: common: created directory at:artifacts]
[2024-11-21 17:43:01,802: INFO: common: created directory at:artifacts/model_evaluation]
[2024-11-21 17:48:11,373: INFO: common: yaml file:config\config.yamlloaded sucessfully]
[2024-11-21 17:48:11,374: INFO: common: yaml file:params.yamlloaded sucessfully]
[2024-11-21 17:48:11,376: INFO: common: yaml file:schema.yamlloaded sucessfully]
[2024-11-21 17:48:11,377: INFO: common: created directory at:artifacts]
[2024-11-21 17:48:11,377: INFO: common: created directory at:artifacts/model_evaluation]
[2024-11-21 17:49:02,380: INFO: common: yaml file:config\config.yamlloaded sucessfully]
[2024-11-21 17:49:02,381: INFO: common: yaml file:params.yamlloaded sucessfully]
[2024-11-21 17:49:02,383: INFO: common: yaml file:schema.yamlloaded sucessfully]
[2024-11-21 17:49:02,383: INFO: common: created directory at:artifacts]
[2024-11-21 17:49:02,384: INFO: common: created directory at:artifacts/model_evaluation]
[2024-11-21 17:49:57,575: INFO: common: yaml file:config\config.yamlloaded sucessfully]
[2024-11-21 17:49:57,576: INFO: common: yaml file:params.yamlloaded sucessfully]
[2024-11-21 17:49:57,578: INFO: common: yaml file:schema.yamlloaded sucessfully]
[2024-11-21 17:49:57,579: INFO: common: created directory at:artifacts]
[2024-11-21 17:49:57,580: INFO: common: created directory at:artifacts/model_evaluation]
[2024-11-21 17:57:00,748: INFO: common: yaml file:config\config.yamlloaded sucessfully]
[2024-11-21 17:57:00,748: INFO: common: yaml file:params.yamlloaded sucessfully]
[2024-11-21 17:57:00,761: INFO: common: yaml file:schema.yamlloaded sucessfully]
[2024-11-21 17:57:00,762: INFO: common: created directory at:artifacts]
[2024-11-21 17:57:00,763: INFO: common: created directory at:artifacts/model_evaluation]
[2024-11-22 11:01:49,925: INFO: main: >>>>stage Data Ingestion stage started <<<<<]
[2024-11-22 11:01:49,928: INFO: common: yaml file:config\config.yamlloaded sucessfully]
[2024-11-22 11:01:49,933: INFO: common: yaml file:params.yamlloaded sucessfully]
[2024-11-22 11:01:49,939: INFO: common: yaml file:schema.yamlloaded sucessfully]
[2024-11-22 11:01:49,940: INFO: common: created directory at:artifacts]
[2024-11-22 11:01:49,940: INFO: common: created directory at:artifacts/data_ingestion]
[2024-11-22 11:01:49,940: INFO: data_ingestion: File already exists]
[2024-11-22 11:01:49,952: INFO: main: >>>> stage Data Ingestion stage completed <<<<

 x=======x]
[2024-11-22 11:01:49,953: INFO: main: >>>>>> stage Data Validation stage started <<<<<<]
[2024-11-22 11:01:49,955: INFO: common: yaml file:config\config.yamlloaded sucessfully]
[2024-11-22 11:01:49,956: INFO: common: yaml file:params.yamlloaded sucessfully]
[2024-11-22 11:01:49,957: INFO: common: yaml file:schema.yamlloaded sucessfully]
[2024-11-22 11:01:49,957: INFO: common: created directory at:artifacts]
[2024-11-22 11:01:49,957: INFO: common: created directory at:artifacts/data_validation]
[2024-11-22 11:01:49,972: INFO: main: >>>>>> stage Data Validation stage completed <<<<<<

x==========x]
[2024-11-22 11:01:49,972: INFO: main: >>>>>> stage Data Transformation stage started <<<<<<]
[2024-11-22 11:01:49,978: INFO: common: yaml file:config\config.yamlloaded sucessfully]
[2024-11-22 11:01:49,979: INFO: common: yaml file:params.yamlloaded sucessfully]
[2024-11-22 11:01:49,981: INFO: common: yaml file:schema.yamlloaded sucessfully]
[2024-11-22 11:01:49,981: INFO: common: created directory at:artifacts]
[2024-11-22 11:01:49,981: INFO: common: created directory at:artifacts/data_transformation]
[2024-11-22 11:01:49,997: INFO: data_transformation: Splited data into training and test sets]
[2024-11-22 11:01:49,997: INFO: data_transformation: (1199, 12)]
[2024-11-22 11:01:49,997: INFO: data_transformation: (400, 12)]
[2024-11-22 11:01:49,998: INFO: main: >>>>>> stage Data Transformation stage completed <<<<<<

x==========x]
[2024-11-22 11:01:49,998: INFO: main: >>>>>> stage Model Trainer stage started <<<<<<]
[2024-11-22 11:01:50,000: INFO: common: yaml file:config\config.yamlloaded sucessfully]
[2024-11-22 11:01:50,001: INFO: common: yaml file:params.yamlloaded sucessfully]
[2024-11-22 11:01:50,003: INFO: common: yaml file:schema.yamlloaded sucessfully]
[2024-11-22 11:01:50,004: INFO: common: created directory at:artifacts]
[2024-11-22 11:01:50,004: INFO: common: created directory at:artifacts/model_trainer]
[2024-11-22 11:01:50,029: INFO: main: >>>>>> stage Model Trainer stage completed <<<<<<

x==========x]
[2024-11-22 11:01:50,030: INFO: main: >>>>>> stage Model Evaluation stage started <<<<<<]
[2024-11-22 11:01:50,031: INFO: common: yaml file:config\config.yamlloaded sucessfully]
[2024-11-22 11:01:50,033: INFO: common: yaml file:params.yamlloaded sucessfully]
[2024-11-22 11:01:50,034: INFO: common: yaml file:schema.yamlloaded sucessfully]
[2024-11-22 11:01:50,035: INFO: common: created directory at:artifacts]
[2024-11-22 11:01:50,035: INFO: common: created directory at:artifacts/model_evaluation]
[2024-11-22 11:01:50,547: INFO: common: json file saved at:artifacts\model_evaluation\metrics.json]
[2024-11-22 11:01:54,198: INFO: main: >>>>>> stage Model Evaluation stage completed <<<<<<

x==========x]
[2024-11-22 11:16:32,740: INFO: main: >>>>stage Data Ingestion stage started <<<<<]
[2024-11-22 11:16:32,743: INFO: common: yaml file:config\config.yamlloaded sucessfully]
[2024-11-22 11:16:32,745: INFO: common: yaml file:params.yamlloaded sucessfully]
[2024-11-22 11:16:32,746: INFO: common: yaml file:schema.yamlloaded sucessfully]
[2024-11-22 11:16:32,746: INFO: common: created directory at:artifacts]
[2024-11-22 11:16:32,747: INFO: common: created directory at:artifacts/data_ingestion]
[2024-11-22 11:16:32,747: INFO: data_ingestion: File already exists]
[2024-11-22 11:16:32,749: INFO: main: >>>> stage Data Ingestion stage completed <<<<

 x=======x]
[2024-11-22 11:16:32,750: INFO: main: >>>>>> stage Data Validation stage started <<<<<<]
[2024-11-22 11:16:32,752: INFO: common: yaml file:config\config.yamlloaded sucessfully]
[2024-11-22 11:16:32,753: INFO: common: yaml file:params.yamlloaded sucessfully]
[2024-11-22 11:16:32,754: INFO: common: yaml file:schema.yamlloaded sucessfully]
[2024-11-22 11:16:32,755: INFO: common: created directory at:artifacts]
[2024-11-22 11:16:32,755: INFO: common: created directory at:artifacts/data_validation]
[2024-11-22 11:16:32,766: INFO: main: >>>>>> stage Data Validation stage completed <<<<<<

x==========x]
[2024-11-22 11:16:32,767: INFO: main: >>>>>> stage Data Transformation stage started <<<<<<]
[2024-11-22 11:16:32,769: INFO: common: yaml file:config\config.yamlloaded sucessfully]
[2024-11-22 11:16:32,769: INFO: common: yaml file:params.yamlloaded sucessfully]
[2024-11-22 11:16:32,769: INFO: common: yaml file:schema.yamlloaded sucessfully]
[2024-11-22 11:16:32,769: INFO: common: created directory at:artifacts]
[2024-11-22 11:16:32,769: INFO: common: created directory at:artifacts/data_transformation]
[2024-11-22 11:16:32,783: INFO: data_transformation: Splited data into training and test sets]
[2024-11-22 11:16:32,783: INFO: data_transformation: (1199, 12)]
[2024-11-22 11:16:32,784: INFO: data_transformation: (400, 12)]
[2024-11-22 11:16:32,784: INFO: main: >>>>>> stage Data Transformation stage completed <<<<<<

x==========x]
[2024-11-22 11:16:32,784: INFO: main: >>>>>> stage Model Trainer stage started <<<<<<]
[2024-11-22 11:16:32,786: INFO: common: yaml file:config\config.yamlloaded sucessfully]
[2024-11-22 11:16:32,788: INFO: common: yaml file:params.yamlloaded sucessfully]
[2024-11-22 11:16:32,788: INFO: common: yaml file:schema.yamlloaded sucessfully]
[2024-11-22 11:16:32,788: INFO: common: created directory at:artifacts]
[2024-11-22 11:16:32,788: INFO: common: created directory at:artifacts/model_trainer]
[2024-11-22 11:16:32,811: INFO: main: >>>>>> stage Model Trainer stage completed <<<<<<

x==========x]
[2024-11-22 11:16:32,811: INFO: main: >>>>>> stage Model Evaluation stage started <<<<<<]
[2024-11-22 11:16:32,814: INFO: common: yaml file:config\config.yamlloaded sucessfully]
[2024-11-22 11:16:32,814: INFO: common: yaml file:params.yamlloaded sucessfully]
[2024-11-22 11:16:32,815: INFO: common: yaml file:schema.yamlloaded sucessfully]
[2024-11-22 11:16:32,815: INFO: common: created directory at:artifacts]
[2024-11-22 11:16:32,815: INFO: common: created directory at:artifacts/model_evaluation]
[2024-11-22 11:16:33,960: INFO: common: json file saved at:artifacts\model_evaluation\metrics.json]
[2024-11-22 11:16:46,502: INFO: main: >>>>>> stage Model Evaluation stage completed <<<<<<

x==========x]
